Removed Member From Class: ClassName=Sheet1 Member=U?
Change Component Designator: OldDesignator=STM32_? NewDesignator=STM1
Added Component: Designator=BZ1(BUZZ_PS1440P02BT_TH)
Add component (AddParameter): Name = "Alternate Part Number-1"; Value = "NA"; VariantName = "[No Variations]"
Add component (AddParameter): Name = "Case/Package"; Value = "TH"; VariantName = "[No Variations]"
Add component (AddParameter): Name = "Manufacturer"; Value = "TDK Corporation"; VariantName = "[No Variations]"
Add component (AddParameter): Name = "Manufacturer Part Number"; Value = "PS1440P02BT"; VariantName = "[No Variations]"
Add component (AddParameter): Name = "Supplier Part Number-1"; Value = "NA"; VariantName = "[No Variations]"
Add component (AddParameter): Name = "Supplier-1"; Value = "SP ROAD"; VariantName = "[No Variations]"
Added Component: Designator=D1(FP-XLUR12D-MFG)
Add component (AddParameter): Name = "Case/Package"; Value = "Radial"; VariantName = "[No Variations]"
Add component (AddParameter): Name = "Color"; Value = "Red"; VariantName = "[No Variations]"
Add component (AddParameter): Name = "Dominant Wavelength"; Value = "617nm"; VariantName = "[No Variations]"
Add component (AddParameter): Name = "Forward Voltage"; Value = "1.9V"; VariantName = "[No Variations]"
Add component (AddParameter): Name = "Height"; Value = "8.6mm"; VariantName = "[No Variations]"
Add component (AddParameter): Name = "Lens Color"; Value = "Red"; VariantName = "[No Variations]"
Add component (AddParameter): Name = "Lens Transparency"; Value = "Diffused"; VariantName = "[No Variations]"
Add component (AddParameter): Name = "Lifecycle Status"; Value = "Production"; VariantName = "[No Variations]"
Add component (AddParameter): Name = "Luminous Intensity"; Value = "39mcd"; VariantName = "[No Variations]"
Add component (AddParameter): Name = "Mount"; Value = "Through Hole"; VariantName = "[No Variations]"
Add component (AddParameter): Name = "RoHS"; Value = "Compliant"; VariantName = "[No Variations]"
Add component (AddParameter): Name = "Test Current"; Value = "10mA"; VariantName = "[No Variations]"
Add component (AddParameter): Name = "Viewing Angle"; Value = "30°"; VariantName = "[No Variations]"
Add component (AddParameter): Name = "Wavelength"; Value = "627nm"; VariantName = "[No Variations]"
Added Component: Designator=D2(FP-WP710A10LGD-MFG)
Add component (AddParameter): Name = "Case/Package"; Value = "Radial"; VariantName = "[No Variations]"
Add component (AddParameter): Name = "Color"; Value = "Green"; VariantName = "[No Variations]"
Add component (AddParameter): Name = "Dominant Wavelength"; Value = "568nm"; VariantName = "[No Variations]"
Add component (AddParameter): Name = "Forward Current"; Value = "2mA"; VariantName = "[No Variations]"
Add component (AddParameter): Name = "Forward Voltage"; Value = "1.9V"; VariantName = "[No Variations]"
Add component (AddParameter): Name = "Height"; Value = "4.6mm"; VariantName = "[No Variations]"
Add component (AddParameter): Name = "Illumination Color"; Value = "Green"; VariantName = "[No Variations]"
Add component (AddParameter): Name = "Lead Free"; Value = "Lead Free"; VariantName = "[No Variations]"
Add component (AddParameter): Name = "Lens Color"; Value = "Green"; VariantName = "[No Variations]"
Add component (AddParameter): Name = "Lens Style"; Value = "Diffused, Dome, Round, Tinted"; VariantName = "[No Variations]"
Add component (AddParameter): Name = "Luminous Intensity"; Value = "2mcd"; VariantName = "[No Variations]"
Add component (AddParameter): Name = "Max Junction Temperature (Tj)"; Value = "110°C"; VariantName = "[No Variations]"
Add component (AddParameter): Name = "Max Operating Temperature"; Value = "85°C"; VariantName = "[No Variations]"
Add component (AddParameter): Name = "Min Operating Temperature"; Value = "-40°C"; VariantName = "[No Variations]"
Add component (AddParameter): Name = "Mount"; Value = "Through Hole"; VariantName = "[No Variations]"
Add component (AddParameter): Name = "NexarPartId"; Value = "20090258"; VariantName = "[No Variations]"
Add component (AddParameter): Name = "Number of LEDs"; Value = "1"; VariantName = "[No Variations]"
Add component (AddParameter): Name = "Number of Pins"; Value = "3"; VariantName = "[No Variations]"
Add component (AddParameter): Name = "Power Dissipation"; Value = "62.5mW"; VariantName = "[No Variations]"
Add component (AddParameter): Name = "Power Rating"; Value = "62.5mW"; VariantName = "[No Variations]"
Add component (AddParameter): Name = "Reverse Voltage"; Value = "5V"; VariantName = "[No Variations]"
Add component (AddParameter): Name = "RoHS"; Value = "Compliant"; VariantName = "[No Variations]"
Add component (AddParameter): Name = "Schedule B"; Value = "8541402000, 8541402000"; VariantName = "[No Variations]"
Add component (AddParameter): Name = "Test Current"; Value = "2mA"; VariantName = "[No Variations]"
Add component (AddParameter): Name = "Viewing Angle"; Value = "40°"; VariantName = "[No Variations]"
Add component (AddParameter): Name = "Wavelength"; Value = "568nm"; VariantName = "[No Variations]"
Added Component: Designator=D3(DATA_PIN_HEADER_4_2.54m)
Added Component: Designator=D4(DATA_PIN_HEADER_4_2.54m)
Added Component: Designator=D5(DATA_PIN_HEADER_4_2.54m)
Added Component: Designator=D6(DATA_PIN_HEADER_4_2.54m)
Added Component: Designator=D7(DATA_PIN_HEADER_4_2.54m)
Added Component: Designator=D8(DATA_PIN_HEADER_4_2.54m)
Added Component: Designator=D9(DATA_PIN_HEADER_4_2.54m)
Added Component: Designator=H1(Female_Header_3)
Added Component: Designator=H2(Female_Header_8)
Added Component: Designator=H3(Female_Header_4)
Added Component: Designator=J1(SULLINS_PPPC042LFBN-RC)
Add component (AddParameter): Name = "Check_prices"; Value = "https://www.snapeda.com/parts/PPPC042LFBNRC/Sullins/view-part/?ref=eda"; VariantName = "[No Variations]"
Add component (AddParameter): Name = "MF"; Value = "Sullins Connector Solutions"; VariantName = "[No Variations]"
Add component (AddParameter): Name = "MP"; Value = "PPPC042LFBNRC"; VariantName = "[No Variations]"
Add component (AddParameter): Name = "Package"; Value = "None"; VariantName = "[No Variations]"
Add component (AddParameter): Name = "SnapEDA_Link"; Value = "https://www.snapeda.com/parts/PPPC042LFBNRC/Sullins/view-part/?ref=snap"; VariantName = "[No Variations]"
Add component (AddParameter): Name = "Value"; Value = ""; VariantName = "[No Variations]"
Added Component: Designator=R1(RES_1206)
Add component (AddParameter): Name = "Alternate Part Number-1"; Value = "NA"; VariantName = "[No Variations]"
Add component (AddParameter): Name = "Case/Package"; Value = "1206"; VariantName = "[No Variations]"
Add component (AddParameter): Name = "Manufacturer"; Value = "Yageo"; VariantName = "[No Variations]"
Add component (AddParameter): Name = "Manufacturer Part Number"; Value = "RMCF1206JT10R0"; VariantName = "[No Variations]"
Add component (AddParameter): Name = "Supplier Part Number-1"; Value = "WR12X10R0FTL"; VariantName = "[No Variations]"
Add component (AddParameter): Name = "Supplier-1"; Value = "SIRICOM"; VariantName = "[No Variations]"
Added Component: Designator=R2(RES_0603)
Add component (AddParameter): Name = "Alternate Part Number-1"; Value = "WR06X2201FTL"; VariantName = "[No Variations]"
Add component (AddParameter): Name = "Case/Package"; Value = "0603"; VariantName = "[No Variations]"
Add component (AddParameter): Name = "Manufacturer"; Value = "Walsin"; VariantName = "[No Variations]"
Add component (AddParameter): Name = "Manufacturer Part Number"; Value = "WR06X2201FTL"; VariantName = "[No Variations]"
Add component (AddParameter): Name = "Supplier Part Number-1"; Value = "WR06X2201FTL"; VariantName = "[No Variations]"
Add component (AddParameter): Name = "Supplier-1"; Value = "SIRICOM"; VariantName = "[No Variations]"
Added Component: Designator=R3(RES_0603)
Add component (AddParameter): Name = "Alternate Part Number-1"; Value = "WR06X2201FTL"; VariantName = "[No Variations]"
Add component (AddParameter): Name = "Case/Package"; Value = "0603"; VariantName = "[No Variations]"
Add component (AddParameter): Name = "Manufacturer"; Value = "Walsin"; VariantName = "[No Variations]"
Add component (AddParameter): Name = "Manufacturer Part Number"; Value = "WR06X2201FTL"; VariantName = "[No Variations]"
Add component (AddParameter): Name = "Supplier Part Number-1"; Value = "WR06X2201FTL"; VariantName = "[No Variations]"
Add component (AddParameter): Name = "Supplier-1"; Value = "SIRICOM"; VariantName = "[No Variations]"
Added Component: Designator=T1(Terminal_block_2pins_5mm)
Added Component: Designator=T2(Terminal_block_2pins_5mm)
Added Pin To Net: NetName=+3V3 Pin=D5-1
Added Pin To Net: NetName=+3V3 Pin=D6-1
Added Pin To Net: NetName=+3V3 Pin=D9-1
Added Pin To Net: NetName=+3V3 Pin=H1-1
Added Pin To Net: NetName=+3V3 Pin=H2-1
Added Pin To Net: NetName=+3V3 Pin=H2-8
Added Pin To Net: NetName=+3V3 Pin=J1-1
Added Pin To Net: NetName=+3V3 Pin=STM1-3V3
Added Pin To Net: NetName=+3V3 Pin=STM1-3V3
Added Pin To Net: NetName=+3V3 Pin=T2-1
Added Net: Name=+3V3
Added Pin To Net: NetName=+5 Pin=D3-1
Added Pin To Net: NetName=+5 Pin=D4-1
Added Pin To Net: NetName=+5 Pin=D7-1
Added Pin To Net: NetName=+5 Pin=D8-1
Added Pin To Net: NetName=+5 Pin=T1-1
Added Net: Name=+5
Added Pin To Net: NetName=+5V Pin=STM1-5V
Added Pin To Net: NetName=+5V Pin=STM1-5V
Added Net: Name=+5V
Added Pin To Net: NetName=Buzzer Pin=R1-1
Added Pin To Net: NetName=Buzzer Pin=STM1-PB4
Added Net: Name=Buzzer
Added Pin To Net: NetName=GND Pin=BZ1-2
Added Pin To Net: NetName=GND Pin=D1-1
Added Pin To Net: NetName=GND Pin=D2-1
Added Pin To Net: NetName=GND Pin=D3-4
Added Pin To Net: NetName=GND Pin=D4-4
Added Pin To Net: NetName=GND Pin=D5-2
Added Pin To Net: NetName=GND Pin=D6-2
Added Pin To Net: NetName=GND Pin=D7-4
Added Pin To Net: NetName=GND Pin=D8-4
Added Pin To Net: NetName=GND Pin=D9-2
Added Pin To Net: NetName=GND Pin=H1-2
Added Pin To Net: NetName=GND Pin=H2-2
Added Pin To Net: NetName=GND Pin=H2-3
Added Pin To Net: NetName=GND Pin=J1-8
Added Pin To Net: NetName=GND Pin=STM1-GND
Added Pin To Net: NetName=GND Pin=STM1-GND
Added Pin To Net: NetName=GND Pin=T1-2
Added Pin To Net: NetName=GND Pin=T2-2
Added Net: Name=GND
Added Pin To Net: NetName=GREEN_LED Pin=R3-1
Added Pin To Net: NetName=GREEN_LED Pin=STM1-PB3
Added Net: Name=GREEN_LED
Added Pin To Net: NetName=IR1_A0 Pin=D6-4
Added Pin To Net: NetName=IR1_A0 Pin=STM1-PA0
Added Net: Name=IR1_A0
Added Pin To Net: NetName=IR1_D0 Pin=D6-3
Added Pin To Net: NetName=IR1_D0 Pin=STM1-PB10
Added Net: Name=IR1_D0
Added Pin To Net: NetName=IR2_A0 Pin=D5-4
Added Pin To Net: NetName=IR2_A0 Pin=STM1-PA1
Added Net: Name=IR2_A0
Added Pin To Net: NetName=IR2_D0 Pin=D5-3
Added Pin To Net: NetName=IR2_D0 Pin=STM1-PB2
Added Net: Name=IR2_D0
Added Pin To Net: NetName=IR3_A0 Pin=D9-4
Added Pin To Net: NetName=IR3_A0 Pin=STM1-PB0
Added Net: Name=IR3_A0
Added Pin To Net: NetName=IR3_D0 Pin=D9-3
Added Pin To Net: NetName=IR3_D0 Pin=STM1-PB1
Added Net: Name=IR3_D0
Added Pin To Net: NetName=IR_OUT Pin=H1-3
Added Pin To Net: NetName=IR_OUT Pin=STM1-PA12
Added Net: Name=IR_OUT
Added Pin To Net: NetName=NetBZ1_1 Pin=BZ1-1
Added Pin To Net: NetName=NetBZ1_1 Pin=R1-2
Added Net: Name=NetBZ1_1
Added Pin To Net: NetName=NetD1_2 Pin=D1-2
Added Pin To Net: NetName=NetD1_2 Pin=R2-2
Added Net: Name=NetD1_2
Added Pin To Net: NetName=NetD2_2 Pin=D2-2
Added Pin To Net: NetName=NetD2_2 Pin=R3-2
Added Net: Name=NetD2_2
Added Pin To Net: NetName=RED_LED Pin=R2-1
Added Pin To Net: NetName=RED_LED Pin=STM1-PA15
Added Net: Name=RED_LED
Added Pin To Net: NetName=SD_CLK Pin=H3-4
Added Pin To Net: NetName=SD_CLK Pin=STM1-PA5
Added Net: Name=SD_CLK
Added Pin To Net: NetName=SD_CS Pin=H3-1
Added Pin To Net: NetName=SD_CS Pin=STM1-PA4
Added Net: Name=SD_CS
Added Pin To Net: NetName=SD_MISO Pin=H3-3
Added Pin To Net: NetName=SD_MISO Pin=STM1-PA6
Added Net: Name=SD_MISO
Added Pin To Net: NetName=SD_MOSI Pin=H3-2
Added Pin To Net: NetName=SD_MOSI Pin=STM1-PA7
Added Net: Name=SD_MOSI
Added Pin To Net: NetName=TFT_A0 Pin=H2-5
Added Pin To Net: NetName=TFT_A0 Pin=STM1-PB14
Added Net: Name=TFT_A0
Added Pin To Net: NetName=TFT_CLK Pin=H2-7
Added Pin To Net: NetName=TFT_CLK Pin=STM1-PB13
Added Net: Name=TFT_CLK
Added Pin To Net: NetName=TFT_RST Pin=H2-4
Added Pin To Net: NetName=TFT_RST Pin=STM1-PB12
Added Net: Name=TFT_RST
Added Pin To Net: NetName=TFT_SDA Pin=H2-6
Added Pin To Net: NetName=TFT_SDA Pin=STM1-PB15
Added Net: Name=TFT_SDA
Added Pin To Net: NetName=US1_ECHO Pin=D3-3
Added Pin To Net: NetName=US1_ECHO Pin=STM1-PB6
Added Net: Name=US1_ECHO
Added Pin To Net: NetName=US1_TRIG Pin=D3-2
Added Pin To Net: NetName=US1_TRIG Pin=STM1-PA8
Added Net: Name=US1_TRIG
Added Pin To Net: NetName=US2_ECHO Pin=D7-3
Added Pin To Net: NetName=US2_ECHO Pin=STM1-PB7
Added Net: Name=US2_ECHO
Added Pin To Net: NetName=US2_TRIG Pin=D7-2
Added Pin To Net: NetName=US2_TRIG Pin=STM1-PA9
Added Net: Name=US2_TRIG
Added Pin To Net: NetName=US3_ECHO Pin=D4-3
Added Pin To Net: NetName=US3_ECHO Pin=STM1-PB9
Added Net: Name=US3_ECHO
Added Pin To Net: NetName=US3_TRIG Pin=D4-2
Added Pin To Net: NetName=US3_TRIG Pin=STM1-PA10
Added Net: Name=US3_TRIG
Added Pin To Net: NetName=US4_ECHO Pin=D8-3
Added Pin To Net: NetName=US4_ECHO Pin=STM1-PB8
Added Net: Name=US4_ECHO
Added Pin To Net: NetName=US4_TRIG Pin=D8-2
Added Pin To Net: NetName=US4_TRIG Pin=STM1-PA11
Added Net: Name=US4_TRIG
Added Pin To Net: NetName=WFI_CH_PD Pin=J1-5
Added Pin To Net: NetName=WFI_CH_PD Pin=STM1-PB5
Added Net: Name=WFI_CH_PD
Added Pin To Net: NetName=WIFI_RXD Pin=J1-2
Added Pin To Net: NetName=WIFI_RXD Pin=STM1-PA2
Added Net: Name=WIFI_RXD
Added Pin To Net: NetName=WIFI_TXD Pin=J1-7
Added Pin To Net: NetName=WIFI_TXD Pin=STM1-PA3
Added Net: Name=WIFI_TXD
Added Member To Class: ClassName=Sheet1 Member=Component BZ1 PS1440P02BT
Added Member To Class: ClassName=Sheet1 Member=Component D1 Red
Added Member To Class: ClassName=Sheet1 Member=Component D2 Green
Added Member To Class: ClassName=Sheet1 Member=Component D3 Ultrasonic1
Added Member To Class: ClassName=Sheet1 Member=Component D4 Ultrasonic3
Added Member To Class: ClassName=Sheet1 Member=Component D5 Line Follower2
Added Member To Class: ClassName=Sheet1 Member=Component D6 Line Follower1
Added Member To Class: ClassName=Sheet1 Member=Component D7 Ultrasonic2
Added Member To Class: ClassName=Sheet1 Member=Component D8 Ultrasonic4
Added Member To Class: ClassName=Sheet1 Member=Component D9 Line Follower3
Added Member To Class: ClassName=Sheet1 Member=Component H1 IR
Added Member To Class: ClassName=Sheet1 Member=Component H2 TFT
Added Member To Class: ClassName=Sheet1 Member=Component H3 TFT2
Added Member To Class: ClassName=Sheet1 Member=Component J1 WIFI
Added Member To Class: ClassName=Sheet1 Member=Component R1 100R
Added Member To Class: ClassName=Sheet1 Member=Component R2 330R
Added Member To Class: ClassName=Sheet1 Member=Component R3 330R
Added Member To Class: ClassName=Sheet1 Member=Component T1 Terminal_block_2pins_5mm
Added Member To Class: ClassName=Sheet1 Member=Component T2 Terminal_block_2pins_5mm
