Change Component Comment : Designator=D1 Old Comment=L298 Driver New Comment=L298 Driver 1
Added Component: Designator=D?(DATA_PIN_HEADER_6_2.54m)
Change Net Name : Old Net Name=IN1 New Net Name=IN1_M1
Change Net Name : Old Net Name=IN2 New Net Name=IN2_M1
Change Net Name : Old Net Name=IN3 New Net Name=IN3_M1
Change Net Name : Old Net Name=IN4 New Net Name=IN4_M1
Added Pin To Net: NetName=ENA_TIM2_CH2_M1 Pin=D1-6
Added Pin To Net: NetName=ENA_TIM2_CH2_M1 Pin=U1-31
Added Net: Name=ENA_TIM2_CH2_M1
Added Pin To Net: NetName=ENB_TIM2_CH1_M1 Pin=D1-1
Added Pin To Net: NetName=ENB_TIM2_CH1_M1 Pin=U1-30
Added Net: Name=ENB_TIM2_CH1_M1
Added Pin To Net: NetName=ENB_TIM2_CH3_M2 Pin=D?-6
Added Pin To Net: NetName=ENB_TIM2_CH3_M2 Pin=U1-13
Added Net: Name=ENB_TIM2_CH3_M2
Added Pin To Net: NetName=ENB_TIM2_CH4_M2 Pin=D?-1
Added Pin To Net: NetName=ENB_TIM2_CH4_M2 Pin=U1-12
Added Net: Name=ENB_TIM2_CH4_M2
Added Pin To Net: NetName=IN1_M2 Pin=D?-5
Added Pin To Net: NetName=IN1_M2 Pin=U1-7
Added Net: Name=IN1_M2
Added Pin To Net: NetName=IN2_M2 Pin=D?-4
Added Pin To Net: NetName=IN2_M2 Pin=U1-6
Added Net: Name=IN2_M2
Added Pin To Net: NetName=IN3_M2 Pin=D?-3
Added Pin To Net: NetName=IN3_M2 Pin=U1-5
Added Net: Name=IN3_M2
Added Pin To Net: NetName=IN4_M2 Pin=D?-2
Added Pin To Net: NetName=IN4_M2 Pin=U1-4
Added Net: Name=IN4_M2
Added Member To Class: ClassName=Sheet1 Member=Component D? L298 Driver 2
