Change Component Designator: OldDesignator=U? NewDesignator=U1
Added Component: Designator=D1(DATA_PIN_HEADER_6_2.54m)
Added Component: Designator=D2(DATA_PIN_HEADER_2_2.54m)
Added Component: Designator=D3(DATA_PIN_HEADER_5_2.54m)
Added Component: Designator=D4(DATA_PIN_HEADER_5_2.54m)
Added Component: Designator=D5(DATA_PIN_HEADER_5_2.54m)
Added Component: Designator=D6(DATA_PIN_HEADER_5_2.54m)
Added Pin To Net: NetName=+3V3 Pin=U1-3
Added Pin To Net: NetName=+3V3 Pin=U1-40
Added Net: Name=+3V3
Added Pin To Net: NetName=+5 Pin=D3-1
Added Pin To Net: NetName=+5 Pin=D4-1
Added Pin To Net: NetName=+5 Pin=D5-1
Added Pin To Net: NetName=+5 Pin=D6-1
Added Pin To Net: NetName=+5 Pin=U1-1
Added Pin To Net: NetName=+5 Pin=U1-38
Added Net: Name=+5
Added Pin To Net: NetName=ENA_TIM4_CH3 Pin=D1-6
Added Pin To Net: NetName=ENA_TIM4_CH3 Pin=U1-36
Added Net: Name=ENA_TIM4_CH3
Added Pin To Net: NetName=ENB_TIM4_CH4 Pin=D1-1
Added Pin To Net: NetName=ENB_TIM4_CH4 Pin=U1-37
Added Net: Name=ENB_TIM4_CH4
Added Pin To Net: NetName=GND Pin=D3-2
Added Pin To Net: NetName=GND Pin=D4-2
Added Pin To Net: NetName=GND Pin=D5-2
Added Pin To Net: NetName=GND Pin=D6-2
Added Pin To Net: NetName=GND Pin=U1-2
Added Pin To Net: NetName=GND Pin=U1-39
Added Net: Name=GND
Added Pin To Net: NetName=IN1 Pin=D1-5
Added Pin To Net: NetName=IN1 Pin=U1-24
Added Net: Name=IN1
Added Pin To Net: NetName=IN2 Pin=D1-4
Added Pin To Net: NetName=IN2 Pin=U1-23
Added Net: Name=IN2
Added Pin To Net: NetName=IN3 Pin=D1-3
Added Pin To Net: NetName=IN3 Pin=U1-22
Added Net: Name=IN3
Added Pin To Net: NetName=IN4 Pin=D1-2
Added Pin To Net: NetName=IN4 Pin=U1-21
Added Net: Name=IN4
Added Pin To Net: NetName=RX6 Pin=D2-2
Added Pin To Net: NetName=RX6 Pin=U1-29
Added Net: Name=RX6
Added Pin To Net: NetName=TIM1CH1 Pin=D3-5
Added Pin To Net: NetName=TIM1CH1 Pin=U1-25
Added Net: Name=TIM1CH1
Added Pin To Net: NetName=TIM1CH2 Pin=D3-4
Added Pin To Net: NetName=TIM1CH2 Pin=U1-26
Added Net: Name=TIM1CH2
Added Pin To Net: NetName=TIM3_CH1 Pin=D4-5
Added Pin To Net: NetName=TIM3_CH1 Pin=U1-9
Added Net: Name=TIM3_CH1
Added Pin To Net: NetName=TIM3_CH2 Pin=D4-4
Added Pin To Net: NetName=TIM3_CH2 Pin=U1-8
Added Net: Name=TIM3_CH2
Added Pin To Net: NetName=TIM4_CH1 Pin=D5-5
Added Pin To Net: NetName=TIM4_CH1 Pin=U1-34
Added Net: Name=TIM4_CH1
Added Pin To Net: NetName=TIM4_CH2 Pin=D5-4
Added Pin To Net: NetName=TIM4_CH2 Pin=U1-35
Added Net: Name=TIM4_CH2
Added Pin To Net: NetName=TIM5_CH1 Pin=D6-5
Added Pin To Net: NetName=TIM5_CH1 Pin=U1-15
Added Net: Name=TIM5_CH1
Added Pin To Net: NetName=TIM5_CH2 Pin=D6-4
Added Pin To Net: NetName=TIM5_CH2 Pin=U1-14
Added Net: Name=TIM5_CH2
Added Pin To Net: NetName=TX6 Pin=D2-1
Added Pin To Net: NetName=TX6 Pin=U1-28
Added Net: Name=TX6
Added Member To Class: ClassName=Sheet1 Member=Component D1 L298 Driver
Added Member To Class: ClassName=Sheet1 Member=Component D2 USART
Added Member To Class: ClassName=Sheet1 Member=Component D3 Encoder 1
Added Member To Class: ClassName=Sheet1 Member=Component D4 Encoder 2
Added Member To Class: ClassName=Sheet1 Member=Component D5 Encoder 3
Added Member To Class: ClassName=Sheet1 Member=Component D6 Encoder 4
