Removed Pin From Net: NetName=+5 Pin=D3-1
Removed Pin From Net: NetName=GND Pin=D3-2
Removed Pin From Net: NetName=TIM1_CH2 Pin=D3-4
Removed Pin From Net: NetName=TIM3_CH2 Pin=D4-2
Removed Pin From Net: NetName=TIM3_CH1 Pin=D4-3
Removed Pin From Net: NetName=GND Pin=D4-5
Removed Pin From Net: NetName=+5 Pin=D4-6
Removed Pin From Net: NetName=+5 Pin=D5-1
Removed Pin From Net: NetName=GND Pin=D5-2
Removed Pin From Net: NetName=TIM4_CH2 Pin=D5-4
Removed Pin From Net: NetName=TIM5_CH2 Pin=D6-3
Removed Pin From Net: NetName=GND Pin=D6-5
Removed Pin From Net: NetName=+5 Pin=D6-6
Removed Pin From Net: NetName=TIM5_CH2 Pin=U1-14
Removed Pin From Net: NetName=TIM5_CH1 Pin=U1-15
Added Pin To Net: NetName=+5 Pin=D3-3
Added Pin To Net: NetName=GND Pin=D3-4
Added Pin To Net: NetName=TIM1_CH2 Pin=D3-6
Added Pin To Net: NetName=TIM3_CH2 Pin=D4-1
Added Pin To Net: NetName=TIM3_CH1 Pin=D4-2
Added Pin To Net: NetName=GND Pin=D4-3
Added Pin To Net: NetName=+5 Pin=D4-4
Added Pin To Net: NetName=+5 Pin=D5-3
Added Pin To Net: NetName=GND Pin=D5-4
Added Pin To Net: NetName=TIM4_CH2 Pin=D5-6
Added Pin To Net: NetName=TIM5_CH2 Pin=D6-1
Added Pin To Net: NetName=GND Pin=D6-3
Added Pin To Net: NetName=+5 Pin=D6-4
Added Pin To Net: NetName=TIM5_CH1 Pin=U1-14
Added Pin To Net: NetName=TIM5_CH2 Pin=U1-15
